<?xml version="1.0" encoding="UTF-8"?>
<!-- Generated by org.testng.reporters.JUnitXMLReporter -->
<testsuite ignored="8" hostname="DESKTOP-HIOUSGQ" failures="0" tests="2" name="Default test" time="83.076" errors="0" timestamp="2025-06-12T12:02:02 EET">
  <testcase classname="FinalProject.FinalProject.AppTest" name="UserRegistrationProcess" time="13.41"/>
  <testcase classname="FinalProject.FinalProject.AppTest" name="UserLoginFunctionality" time="7.022"/>
  <testcase classname="FinalProject.FinalProject.AppTest" name="ProductSearchFunctionality" time="0.0">
    <ignored/>
  </testcase> <!-- ProductSearchFunctionality -->
  <testcase classname="FinalProject.FinalProject.AppTest" name="ProceedingToCheckout" time="0.0">
    <ignored/>
  </testcase> <!-- ProceedingToCheckout -->
  <testcase classname="FinalProject.FinalProject.AppTest" name="FilteringSearchResults" time="0.0">
    <ignored/>
  </testcase> <!-- FilteringSearchResults -->
  <testcase classname="FinalProject.FinalProject.AppTest" name="HomepageAccessibility" time="0.0">
    <ignored/>
  </testcase> <!-- HomepageAccessibility -->
  <testcase classname="FinalProject.FinalProject.AppTest" name="ContactFormSubmission" time="0.0">
    <ignored/>
  </testcase> <!-- ContactFormSubmission -->
  <testcase classname="FinalProject.FinalProject.AppTest" name="AddingProductsToCart" time="0.0">
    <ignored/>
  </testcase> <!-- AddingProductsToCart -->
  <testcase classname="FinalProject.FinalProject.AppTest" name="ViewingProductDetails" time="0.0">
    <ignored/>
  </testcase> <!-- ViewingProductDetails -->
  <testcase classname="FinalProject.FinalProject.AppTest" name="ViewingAndModifyingShoppingCart" time="0.0">
    <ignored/>
  </testcase> <!-- ViewingAndModifyingShoppingCart -->
</testsuite> <!-- Default test -->
