<?xml version="1.0" encoding="UTF-8"?>
<testng-results ignored="8" total="10" passed="2" failed="0" skipped="0">
  <reporter-output>
  </reporter-output>
  <suite started-at="2025-06-12T12:00:39 EET" name="Default suite" finished-at="2025-06-12T12:02:02 EET" duration-ms="83076">
    <groups>
    </groups>
    <test started-at="2025-06-12T12:00:39 EET" name="Default test" finished-at="2025-06-12T12:02:02 EET" duration-ms="83076">
      <class name="FinalProject.FinalProject.AppTest">
        <test-method is-config="true" signature="mySetup()[pri:0, instance:FinalProject.FinalProject.AppTest@4d722ac9]" started-at="2025-06-12T12:00:39 EET" name="mySetup" finished-at="2025-06-12T12:01:42 EET" duration-ms="62582" status="PASS">
          <reporter-output>
          </reporter-output>
        </test-method> <!-- mySetup -->
        <test-method signature="UserRegistrationProcess()[pri:2, instance:FinalProject.FinalProject.AppTest@4d722ac9]" started-at="2025-06-12T12:01:42 EET" name="UserRegistrationProcess" finished-at="2025-06-12T12:01:55 EET" duration-ms="13410" status="PASS">
          <reporter-output>
          </reporter-output>
        </test-method> <!-- UserRegistrationProcess -->
        <test-method signature="UserLoginFunctionality()[pri:3, instance:FinalProject.FinalProject.AppTest@4d722ac9]" started-at="2025-06-12T12:01:55 EET" name="UserLoginFunctionality" finished-at="2025-06-12T12:02:02 EET" duration-ms="7022" status="PASS">
          <reporter-output>
          </reporter-output>
        </test-method> <!-- UserLoginFunctionality -->
      </class> <!-- FinalProject.FinalProject.AppTest -->
    </test> <!-- Default test -->
  </suite> <!-- Default suite -->
</testng-results>
